{"level":30,"time":1610173933947,"pid":3960,"hostname":"administrator-MS-7817","requestPayload":{"BODY":{},"PARAMS":{},"QUERYSTRING":{}}}
{"level":30,"time":1610174055816,"pid":3960,"hostname":"administrator-MS-7817","requestPayload":{"BODY":{},"PARAMS":{},"QUERYSTRING":{}}}
{"level":30,"time":1610174168162,"pid":3960,"hostname":"administrator-MS-7817","requestPayload":{"BODY":{},"PARAMS":{},"QUERYSTRING":{}}}
{"level":30,"time":1610174725764,"pid":6139,"hostname":"administrator-MS-7817","requestPayload":{"BODY":{},"PARAMS":{},"QUERYSTRING":{}}}
{"level":30,"time":1610174770816,"pid":6724,"hostname":"administrator-MS-7817","requestPayload":{"BODY":{},"PARAMS":{},"QUERYSTRING":{}}}
{"level":30,"time":1610174995620,"pid":7233,"hostname":"administrator-MS-7817","requestPayload":{"BODY":{},"PARAMS":{},"QUERYSTRING":{}}}
{"level":30,"time":1610175100831,"pid":7697,"hostname":"administrator-MS-7817","requestPayload":{"BODY":{},"PARAMS":{},"QUERYSTRING":{}}}
{"level":30,"time":1610175128988,"pid":7925,"hostname":"administrator-MS-7817","requestPayload":{"BODY":{},"PARAMS":{},"QUERYSTRING":{}}}
{"level":30,"time":1610175169397,"pid":7925,"hostname":"administrator-MS-7817","requestPayload":{"BODY":{},"PARAMS":{},"QUERYSTRING":{}}}
{"level":30,"time":1610175222586,"pid":8412,"hostname":"administrator-MS-7817","requestPayload":{"BODY":{},"PARAMS":{},"QUERYSTRING":{}}}
{"level":30,"time":1610175382510,"pid":9030,"hostname":"administrator-MS-7817","requestPayload":{"BODY":{},"PARAMS":{},"QUERYSTRING":{}}}
{"level":30,"time":1610175700663,"pid":9888,"hostname":"administrator-MS-7817","requestPayload":{"BODY":{},"PARAMS":{},"QUERYSTRING":{}}}
{"level":30,"time":1610176146163,"pid":10373,"hostname":"administrator-MS-7817","requestPayload":{"BODY":{},"PARAMS":{},"QUERYSTRING":{}}}
{"level":30,"time":1610176189583,"pid":10985,"hostname":"administrator-MS-7817","requestPayload":{"BODY":{},"PARAMS":{},"QUERYSTRING":{}}}
{"level":30,"time":1610176539508,"pid":11861,"hostname":"administrator-MS-7817","requestPayload":{"BODY":{},"PARAMS":{},"QUERYSTRING":{}}}
{"level":30,"time":1610176561355,"pid":12062,"hostname":"administrator-MS-7817","requestPayload":{"BODY":{},"PARAMS":{},"QUERYSTRING":{}}}
{"level":30,"time":1610176614820,"pid":12213,"hostname":"administrator-MS-7817","requestPayload":{"BODY":{},"PARAMS":{},"QUERYSTRING":{}}}
{"level":30,"time":1610176635413,"pid":12213,"hostname":"administrator-MS-7817","requestPayload":{"BODY":{},"PARAMS":{},"QUERYSTRING":{}}}
{"level":30,"time":1610176751275,"pid":12628,"hostname":"administrator-MS-7817","requestPayload":{"BODY":{},"PARAMS":{},"QUERYSTRING":{}}}
{"level":30,"time":1610176914694,"pid":13396,"hostname":"administrator-MS-7817","requestPayload":{"BODY":{},"PARAMS":{},"QUERYSTRING":{}}}
{"level":30,"time":1610177051740,"pid":13802,"hostname":"administrator-MS-7817","requestPayload":{"BODY":{},"PARAMS":{},"QUERYSTRING":{}}}
{"level":30,"time":1610177385674,"pid":14603,"hostname":"administrator-MS-7817","requestPayload":{"BODY":{},"PARAMS":{},"QUERYSTRING":{}}}
{"level":30,"time":1610177499147,"pid":15104,"hostname":"administrator-MS-7817","requestPayload":{"BODY":{},"PARAMS":{},"QUERYSTRING":{}}}
{"level":30,"time":1610177571348,"pid":15306,"hostname":"administrator-MS-7817","requestPayload":{"BODY":{},"PARAMS":{},"QUERYSTRING":{}}}
{"level":30,"time":1610177600395,"pid":15432,"hostname":"administrator-MS-7817","requestPayload":{"BODY":{},"PARAMS":{},"QUERYSTRING":{}}}
{"level":30,"time":1610177920284,"pid":16346,"hostname":"administrator-MS-7817","requestPayload":{"BODY":{},"PARAMS":{},"QUERYSTRING":{}}}
{"level":30,"time":1610178167432,"pid":17060,"hostname":"administrator-MS-7817","requestPayload":{"BODY":{},"PARAMS":{},"QUERYSTRING":{}}}
{"level":30,"time":1610178256906,"pid":17447,"hostname":"administrator-MS-7817","requestPayload":{"BODY":{},"PARAMS":{},"QUERYSTRING":{}}}
{"level":30,"time":1610178292351,"pid":17571,"hostname":"administrator-MS-7817","requestPayload":{"BODY":{},"PARAMS":{},"QUERYSTRING":{}}}
{"level":30,"time":1610178395348,"pid":17917,"hostname":"administrator-MS-7817","requestPayload":{"BODY":{},"PARAMS":{},"QUERYSTRING":{}}}
{"level":30,"time":1610178443780,"pid":18080,"hostname":"administrator-MS-7817","requestPayload":{"BODY":{},"PARAMS":{},"QUERYSTRING":{}}}
{"level":30,"time":1610178594963,"pid":18468,"hostname":"administrator-MS-7817","requestPayload":{"BODY":{},"PARAMS":{},"QUERYSTRING":{}}}
{"level":30,"time":1610178632665,"pid":18646,"hostname":"administrator-MS-7817","requestPayload":{"BODY":{},"PARAMS":{},"QUERYSTRING":{}}}
{"level":30,"time":1610178665963,"pid":18766,"hostname":"administrator-MS-7817","requestPayload":{"BODY":{},"PARAMS":{},"QUERYSTRING":{}}}
{"level":30,"time":1610178850531,"pid":19550,"hostname":"administrator-MS-7817","requestPayload":{"BODY":{},"PARAMS":{},"QUERYSTRING":{}}}
{"level":30,"time":1610178870041,"pid":19661,"hostname":"administrator-MS-7817","requestPayload":{"BODY":{},"PARAMS":{},"QUERYSTRING":{}}}
{"level":30,"time":1610179920136,"pid":21620,"hostname":"administrator-MS-7817","requestPayload":{"BODY":{},"PARAMS":{},"QUERYSTRING":{}}}
{"level":30,"time":1610179945797,"pid":22351,"hostname":"administrator-MS-7817","requestPayload":{"BODY":{},"PARAMS":{},"QUERYSTRING":{}}}
{"level":30,"time":1610179970170,"pid":22497,"hostname":"administrator-MS-7817","requestPayload":{"BODY":{},"PARAMS":{},"QUERYSTRING":{}}}
{"level":30,"time":1610180011671,"pid":22716,"hostname":"administrator-MS-7817","requestPayload":{"BODY":{},"PARAMS":{},"QUERYSTRING":{}}}
{"level":30,"time":1610180026412,"pid":22865,"hostname":"administrator-MS-7817","requestPayload":{"BODY":{},"PARAMS":{},"QUERYSTRING":{}}}
{"level":30,"time":1610180046009,"pid":22943,"hostname":"administrator-MS-7817","requestPayload":{"BODY":{},"PARAMS":{},"QUERYSTRING":{}}}
{"level":30,"time":1610180509523,"pid":24233,"hostname":"administrator-MS-7817","requestPayload":{"BODY":{},"PARAMS":{},"QUERYSTRING":{}}}
{"level":30,"time":1610180581194,"pid":24483,"hostname":"administrator-MS-7817","requestPayload":{"BODY":{},"PARAMS":{},"QUERYSTRING":{}}}
{"level":30,"time":1610180587398,"pid":24483,"hostname":"administrator-MS-7817","requestPayload":{"BODY":{},"PARAMS":{},"QUERYSTRING":{}}}
{"level":30,"time":1610181524189,"pid":26890,"hostname":"administrator-MS-7817","requestPayload":{"BODY":{},"PARAMS":{},"QUERYSTRING":{}}}
{"level":30,"time":1610181530358,"pid":26890,"hostname":"administrator-MS-7817","requestPayload":{"BODY":{"productCategoryId":"1","prodcutItemListId":"1","productpriceId":"1","quantity":"1","itemcode":"SHLPR1415096105895"},"PARAMS":{},"QUERYSTRING":{}}}
{"level":50,"time":1610181635880,"pid":27501,"hostname":"administrator-MS-7817","ERROR_MESSAGE":"quantity is not defined","ERROR":"ReferenceError: quantity is not defined\n    at addProductItem (/var/www/html/nodeprojects/SHL-Task/shl-ecommerce-task/app/controller/ProdcutItem/ProductItem.js:25:41)\n    at processTicksAndRejections (internal/process/task_queues.js:93:5)","requestPayload":{"BODY":{"productCategoryId":"1","prodcutItemListId":"1","productpriceId":"1","quantity":"5","itemcode":"SHLPR81242395432"},"PARAMS":{},"QUERYSTRING":{}}}
{"level":30,"time":1610181657961,"pid":27602,"hostname":"administrator-MS-7817","requestPayload":{"BODY":{"productCategoryId":"1","prodcutItemListId":"1","productpriceId":"1","quantity":"6","itemcode":"SHLPR349191269481"},"PARAMS":{},"QUERYSTRING":{}}}
{"level":30,"time":1610181739688,"pid":27802,"hostname":"administrator-MS-7817","requestPayload":{"BODY":{"productCategoryId":"2","prodcutItemListId":"2","productpriceId":"2","quantity":"1","itemcode":"SHLPR861431259663"},"PARAMS":{},"QUERYSTRING":{}}}
{"level":30,"time":1610182571362,"pid":30932,"hostname":"administrator-MS-7817","requestPayload":{"BODY":{},"PARAMS":{},"QUERYSTRING":{}}}
{"level":50,"time":1610182576544,"pid":30932,"hostname":"administrator-MS-7817","ERROR_MESSAGE":"quantity is not defined","ERROR":"ReferenceError: quantity is not defined\n    at /var/www/html/nodeprojects/SHL-Task/shl-ecommerce-task/app/controller/ProdcutItem/ProductItem.js:36:68\n    at Array.map (<anonymous>)\n    at addProductItem (/var/www/html/nodeprojects/SHL-Task/shl-ecommerce-task/app/controller/ProdcutItem/ProductItem.js:33:24)\n    at processTicksAndRejections (internal/process/task_queues.js:93:5)","requestPayload":{"BODY":{"productCategoryId":"1","prodcutItemListId":"1","productpriceId":"1","quantity":"1","Itemprice":"30","itemcode":"SHLPR1404565616000"},"PARAMS":{},"QUERYSTRING":{}}}
{"level":30,"time":1610182661367,"pid":31373,"hostname":"administrator-MS-7817","requestPayload":{"BODY":{},"PARAMS":{},"QUERYSTRING":{}}}
{"level":30,"time":1610182685717,"pid":31628,"hostname":"administrator-MS-7817","requestPayload":{"BODY":{},"PARAMS":{},"QUERYSTRING":{}}}
{"level":30,"time":1610182728649,"pid":31798,"hostname":"administrator-MS-7817","requestPayload":{"BODY":{},"PARAMS":{},"QUERYSTRING":{}}}
{"level":30,"time":1610182774642,"pid":32080,"hostname":"administrator-MS-7817","requestPayload":{"BODY":{},"PARAMS":{},"QUERYSTRING":{}}}
{"level":30,"time":1610182812656,"pid":32080,"hostname":"administrator-MS-7817","requestPayload":{"BODY":{},"PARAMS":{},"QUERYSTRING":{}}}
{"level":50,"time":1610183136479,"pid":1354,"hostname":"administrator-MS-7817","ERROR_MESSAGE":"responseData.map is not a function","ERROR":"TypeError: responseData.map is not a function\n    at addProductItem (/var/www/html/nodeprojects/SHL-Task/shl-ecommerce-task/app/controller/ProdcutItem/ProductItem.js:33:26)\n    at processTicksAndRejections (internal/process/task_queues.js:93:5)","requestPayload":{"BODY":{"productCategoryId":"1","prodcutItemListId":"1","productpriceId":"1","quantity":"6","Itemprice":"30"},"PARAMS":{},"QUERYSTRING":{}}}
{"level":50,"time":1610183175128,"pid":1725,"hostname":"administrator-MS-7817","ERROR_MESSAGE":"responseData.map is not a function","ERROR":"TypeError: responseData.map is not a function\n    at addProductItem (/var/www/html/nodeprojects/SHL-Task/shl-ecommerce-task/app/controller/ProdcutItem/ProductItem.js:33:26)\n    at processTicksAndRejections (internal/process/task_queues.js:93:5)","requestPayload":{"BODY":{"productCategoryId":"1","prodcutItemListId":"1","productpriceId":"1","quantity":"7","Itemprice":"30"},"PARAMS":{},"QUERYSTRING":{}}}
{"level":50,"time":1610183190709,"pid":1817,"hostname":"administrator-MS-7817","ERROR_MESSAGE":"responseData.map is not a function","ERROR":"TypeError: responseData.map is not a function\n    at addProductItem (/var/www/html/nodeprojects/SHL-Task/shl-ecommerce-task/app/controller/ProdcutItem/ProductItem.js:33:26)\n    at processTicksAndRejections (internal/process/task_queues.js:93:5)","requestPayload":{"BODY":{"productCategoryId":"1","prodcutItemListId":"1","productpriceId":"1","quantity":"8","Itemprice":"30"},"PARAMS":{},"QUERYSTRING":{}}}
{"level":30,"time":1610183377254,"pid":2533,"hostname":"administrator-MS-7817","requestPayload":{"BODY":{"productCategoryId":"1","prodcutItemListId":"1","productpriceId":"1","quantity":"9","Itemprice":"30"},"PARAMS":{},"QUERYSTRING":{}}}
{"level":30,"time":1610183395842,"pid":2688,"hostname":"administrator-MS-7817","requestPayload":{"BODY":{"productCategoryId":"1","prodcutItemListId":"1","productpriceId":"1","quantity":"10","Itemprice":"30"},"PARAMS":{},"QUERYSTRING":{}}}
{"level":50,"time":1610183429224,"pid":2977,"hostname":"administrator-MS-7817","ERROR_MESSAGE":"quantity is not defined","ERROR":"ReferenceError: quantity is not defined\n    at /var/www/html/nodeprojects/SHL-Task/shl-ecommerce-task/app/controller/ProdcutItem/ProductItem.js:36:68\n    at Array.forEach (<anonymous>)\n    at addProductItem (/var/www/html/nodeprojects/SHL-Task/shl-ecommerce-task/app/controller/ProdcutItem/ProductItem.js:33:25)\n    at processTicksAndRejections (internal/process/task_queues.js:93:5)","requestPayload":{"BODY":{"productCategoryId":"1","prodcutItemListId":"1","productpriceId":"1","quantity":"11","Itemprice":"30"},"PARAMS":{},"QUERYSTRING":{}}}
{"level":30,"time":1610183473937,"pid":3115,"hostname":"administrator-MS-7817","requestPayload":{"BODY":{"productCategoryId":"1","prodcutItemListId":"1","productpriceId":"1","quantity":"12","Itemprice":"30"},"PARAMS":{},"QUERYSTRING":{}}}
{"level":30,"time":1610183488655,"pid":3115,"hostname":"administrator-MS-7817","requestPayload":{"BODY":{},"PARAMS":{},"QUERYSTRING":{}}}
{"level":30,"time":1610183494168,"pid":3115,"hostname":"administrator-MS-7817","requestPayload":{"BODY":{},"PARAMS":{},"QUERYSTRING":{}}}
{"level":30,"time":1610183501116,"pid":3115,"hostname":"administrator-MS-7817","requestPayload":{"BODY":{"productCategoryId":"1","prodcutItemListId":"1","productpriceId":"1","quantity":"1","Itemprice":"30"},"PARAMS":{},"QUERYSTRING":{}}}
{"level":30,"time":1610183582094,"pid":3499,"hostname":"administrator-MS-7817","requestPayload":{"BODY":{},"PARAMS":{},"QUERYSTRING":{}}}
{"level":30,"time":1610183587717,"pid":3499,"hostname":"administrator-MS-7817","requestPayload":{"BODY":{"productCategoryId":"1","prodcutItemListId":"1","productpriceId":"1","quantity":"1","Itemprice":"30","itemcode":"SHLPR403242252829"},"PARAMS":{},"QUERYSTRING":{}}}
{"level":30,"time":1610183589593,"pid":3499,"hostname":"administrator-MS-7817","requestPayload":{"BODY":{"productCategoryId":"1","prodcutItemListId":"1","productpriceId":"1","quantity":"2","Itemprice":"30"},"PARAMS":{},"QUERYSTRING":{}}}
{"level":30,"time":1610183591313,"pid":3499,"hostname":"administrator-MS-7817","requestPayload":{"BODY":{"productCategoryId":"1","prodcutItemListId":"1","productpriceId":"1","quantity":"3","Itemprice":"30"},"PARAMS":{},"QUERYSTRING":{}}}
{"level":30,"time":1610183595122,"pid":3499,"hostname":"administrator-MS-7817","requestPayload":{"BODY":{"productCategoryId":"1","prodcutItemListId":"1","productpriceId":"1","quantity":"4","Itemprice":"30"},"PARAMS":{},"QUERYSTRING":{}}}
{"level":30,"time":1610183657151,"pid":3756,"hostname":"administrator-MS-7817","requestPayload":{"BODY":{"productCategoryId":"1","prodcutItemListId":"1","productpriceId":"1","quantity":"5","Itemprice":"30"},"PARAMS":{},"QUERYSTRING":{}}}
{"level":30,"time":1610183712982,"pid":4140,"hostname":"administrator-MS-7817","requestPayload":{"BODY":{"productCategoryId":"1","prodcutItemListId":"1","productpriceId":"1","quantity":"6","Itemprice":"30"},"PARAMS":{},"QUERYSTRING":{}}}
{"level":30,"time":1610183731535,"pid":4140,"hostname":"administrator-MS-7817","requestPayload":{"BODY":{"productCategoryId":"1","prodcutItemListId":"1","productpriceId":"1","quantity":"6","Itemprice":"30"},"PARAMS":{},"QUERYSTRING":{}}}
{"level":30,"time":1610183775416,"pid":4326,"hostname":"administrator-MS-7817","requestPayload":{"BODY":{"productCategoryId":"1","prodcutItemListId":"1","productpriceId":"1","quantity":"5","Itemprice":"30"},"PARAMS":{},"QUERYSTRING":{}}}
{"level":50,"time":1610183822888,"pid":4717,"hostname":"administrator-MS-7817","ERROR_MESSAGE":"itemvalue is not defined","ERROR":"ReferenceError: itemvalue is not defined\n    at addProductItem (/var/www/html/nodeprojects/SHL-Task/shl-ecommerce-task/app/controller/ProdcutItem/ProductItem.js:50:25)\n    at processTicksAndRejections (internal/process/task_queues.js:93:5)","requestPayload":{"BODY":{"productCategoryId":"1","prodcutItemListId":"1","productpriceId":"1","quantity":"5","Itemprice":"30"},"PARAMS":{},"QUERYSTRING":{}}}
{"level":30,"time":1610183865290,"pid":4869,"hostname":"administrator-MS-7817","requestPayload":{"BODY":{"productCategoryId":"1","prodcutItemListId":"1","productpriceId":"1","quantity":"5","Itemprice":"30"},"PARAMS":{},"QUERYSTRING":{}}}
{"level":30,"time":1610183905378,"pid":5048,"hostname":"administrator-MS-7817","requestPayload":{"BODY":{"productCategoryId":"1","prodcutItemListId":"1","productpriceId":"1","quantity":"5","Itemprice":"30"},"PARAMS":{},"QUERYSTRING":{}}}
{"level":30,"time":1610183993304,"pid":5483,"hostname":"administrator-MS-7817","requestPayload":{"BODY":{"productCategoryId":"1","prodcutItemListId":"1","productpriceId":"1","quantity":"5","Itemprice":"30"},"PARAMS":{},"QUERYSTRING":{}}}
{"level":30,"time":1610184029275,"pid":5777,"hostname":"administrator-MS-7817","requestPayload":{"BODY":{"productCategoryId":"1","prodcutItemListId":"1","productpriceId":"1","quantity":"5","Itemprice":"30"},"PARAMS":{},"QUERYSTRING":{}}}
{"level":30,"time":1610184091027,"pid":6032,"hostname":"administrator-MS-7817","requestPayload":{"BODY":{"productCategoryId":"1","prodcutItemListId":"1","productpriceId":"1","quantity":"5","Itemprice":"30"},"PARAMS":{},"QUERYSTRING":{}}}
{"level":30,"time":1610184124589,"pid":6291,"hostname":"administrator-MS-7817","requestPayload":{"BODY":{"productCategoryId":"1","prodcutItemListId":"1","productpriceId":"1","quantity":"5","Itemprice":"30"},"PARAMS":{},"QUERYSTRING":{}}}
{"level":30,"time":1610184286478,"pid":7110,"hostname":"administrator-MS-7817","requestPayload":{"BODY":{"productCategoryId":"1","prodcutItemListId":"1","productpriceId":"1","quantity":"5","Itemprice":"30"},"PARAMS":{},"QUERYSTRING":{}}}
{"level":30,"time":1610184330198,"pid":7254,"hostname":"administrator-MS-7817","requestPayload":{"BODY":{"productCategoryId":"1","prodcutItemListId":"1","productpriceId":"1","quantity":"5","Itemprice":"30"},"PARAMS":{},"QUERYSTRING":{}}}
{"level":30,"time":1610184361451,"pid":7477,"hostname":"administrator-MS-7817","requestPayload":{"BODY":{"productCategoryId":"1","prodcutItemListId":"1","productpriceId":"1","quantity":"5","Itemprice":"30"},"PARAMS":{},"QUERYSTRING":{}}}
{"level":30,"time":1610184414195,"pid":7737,"hostname":"administrator-MS-7817","requestPayload":{"BODY":{"productCategoryId":"1","prodcutItemListId":"1","productpriceId":"1","quantity":"5","Itemprice":"30"},"PARAMS":{},"QUERYSTRING":{}}}
{"level":30,"time":1610184468641,"pid":8000,"hostname":"administrator-MS-7817","requestPayload":{"BODY":{"productCategoryId":"1","prodcutItemListId":"1","productpriceId":"1","quantity":"5","Itemprice":"30"},"PARAMS":{},"QUERYSTRING":{}}}
{"level":30,"time":1610184505972,"pid":8229,"hostname":"administrator-MS-7817","requestPayload":{"BODY":{"productCategoryId":"1","prodcutItemListId":"1","productpriceId":"1","quantity":"5","Itemprice":"30"},"PARAMS":{},"QUERYSTRING":{}}}
{"level":30,"time":1610184536782,"pid":8413,"hostname":"administrator-MS-7817","requestPayload":{"BODY":{"productCategoryId":"1","prodcutItemListId":"1","productpriceId":"1","quantity":"5","Itemprice":"30"},"PARAMS":{},"QUERYSTRING":{}}}
{"level":30,"time":1610184569707,"pid":8542,"hostname":"administrator-MS-7817","requestPayload":{"BODY":{"productCategoryId":"1","prodcutItemListId":"1","productpriceId":"1","quantity":"5","Itemprice":"30"},"PARAMS":{},"QUERYSTRING":{}}}
{"level":30,"time":1610184597662,"pid":8628,"hostname":"administrator-MS-7817","requestPayload":{"BODY":{"productCategoryId":"1","prodcutItemListId":"1","productpriceId":"1","quantity":"4","Itemprice":"30"},"PARAMS":{},"QUERYSTRING":{}}}
{"level":30,"time":1610184644397,"pid":8628,"hostname":"administrator-MS-7817","requestPayload":{"BODY":{"productCategoryId":"1","prodcutItemListId":"1","productpriceId":"1","quantity":"3","Itemprice":"30"},"PARAMS":{},"QUERYSTRING":{}}}
{"level":30,"time":1610184695634,"pid":8865,"hostname":"administrator-MS-7817","requestPayload":{"BODY":{"productCategoryId":"1","prodcutItemListId":"1","productpriceId":"1","quantity":"3","Itemprice":"30"},"PARAMS":{},"QUERYSTRING":{}}}
{"level":50,"time":1610184907569,"pid":9865,"hostname":"administrator-MS-7817","ERROR_MESSAGE":"ProductItem.prototype._priceCalculation is not a function","ERROR":"TypeError: ProductItem.prototype._priceCalculation is not a function\n    at addProductItem (/var/www/html/nodeprojects/SHL-Task/shl-ecommerce-task/app/controller/ProdcutItem/ProductItem.js:33:54)\n    at processTicksAndRejections (internal/process/task_queues.js:93:5)","requestPayload":{"BODY":{"productCategoryId":"1","prodcutItemListId":"1","productpriceId":"1","quantity":"3","Itemprice":"30"},"PARAMS":{},"QUERYSTRING":{}}}
{"level":30,"time":1610184929552,"pid":10006,"hostname":"administrator-MS-7817","requestPayload":{"BODY":{},"PARAMS":{},"QUERYSTRING":{}}}
{"level":50,"time":1610184938266,"pid":10006,"hostname":"administrator-MS-7817","ERROR_MESSAGE":"ProductItem.prototype._priceCalculation is not a function","ERROR":"TypeError: ProductItem.prototype._priceCalculation is not a function\n    at addProductItem (/var/www/html/nodeprojects/SHL-Task/shl-ecommerce-task/app/controller/ProdcutItem/ProductItem.js:33:54)\n    at processTicksAndRejections (internal/process/task_queues.js:93:5)","requestPayload":{"BODY":{"productCategoryId":"1","prodcutItemListId":"1","productpriceId":"1","quantity":"3","Itemprice":"30"},"PARAMS":{},"QUERYSTRING":{}}}
{"level":30,"time":1610184967430,"pid":10153,"hostname":"administrator-MS-7817","requestPayload":{"BODY":{"productCategoryId":"1","prodcutItemListId":"1","productpriceId":"1","quantity":"3","Itemprice":"30"},"PARAMS":{},"QUERYSTRING":{}}}
{"level":30,"time":1610185275355,"pid":11388,"hostname":"administrator-MS-7817","requestPayload":{"BODY":{"productCategoryId":"1","prodcutItemListId":"1","productpriceId":"1","quantity":"3","Itemprice":"30"},"PARAMS":{},"QUERYSTRING":{}}}
{"level":30,"time":1610185282310,"pid":11388,"hostname":"administrator-MS-7817","requestPayload":{"BODY":{},"PARAMS":{},"QUERYSTRING":{}}}
{"level":30,"time":1610185292123,"pid":11388,"hostname":"administrator-MS-7817","requestPayload":{"BODY":{"productCategoryId":"1","prodcutItemListId":"1","productpriceId":"1","quantity":"3","Itemprice":"30"},"PARAMS":{},"QUERYSTRING":{}}}
{"level":30,"time":1610185499313,"pid":12563,"hostname":"administrator-MS-7817","requestPayload":{"BODY":{},"PARAMS":{},"QUERYSTRING":{}}}
{"level":30,"time":1610185508389,"pid":12563,"hostname":"administrator-MS-7817","requestPayload":{"BODY":{"productCategoryId":"1","prodcutItemListId":"1","productpriceId":"1","quantity":"3","Itemprice":"30"},"PARAMS":{},"QUERYSTRING":{}}}
{"level":30,"time":1610185545486,"pid":12762,"hostname":"administrator-MS-7817","requestPayload":{"BODY":{},"PARAMS":{},"QUERYSTRING":{}}}
{"level":30,"time":1610185555345,"pid":12762,"hostname":"administrator-MS-7817","requestPayload":{"BODY":{"productCategoryId":"1","prodcutItemListId":"1","productpriceId":"1","quantity":"3","Itemprice":"30"},"PARAMS":{},"QUERYSTRING":{}}}
{"level":30,"time":1610185580411,"pid":12962,"hostname":"administrator-MS-7817","requestPayload":{"BODY":{},"PARAMS":{},"QUERYSTRING":{}}}
{"level":30,"time":1610185589658,"pid":12962,"hostname":"administrator-MS-7817","requestPayload":{"BODY":{"productCategoryId":"1","prodcutItemListId":"1","productpriceId":"1","quantity":"3","Itemprice":"30"},"PARAMS":{},"QUERYSTRING":{}}}
{"level":30,"time":1610185615064,"pid":13220,"hostname":"administrator-MS-7817","requestPayload":{"BODY":{},"PARAMS":{},"QUERYSTRING":{}}}
{"level":30,"time":1610185622752,"pid":13220,"hostname":"administrator-MS-7817","requestPayload":{"BODY":{"productCategoryId":"1","prodcutItemListId":"1","productpriceId":"1","quantity":"3","Itemprice":"30"},"PARAMS":{},"QUERYSTRING":{}}}
{"level":30,"time":1610185636026,"pid":13384,"hostname":"administrator-MS-7817","requestPayload":{"BODY":{},"PARAMS":{},"QUERYSTRING":{}}}
{"level":30,"time":1610185643629,"pid":13384,"hostname":"administrator-MS-7817","requestPayload":{"BODY":{"productCategoryId":"1","prodcutItemListId":"1","productpriceId":"1","quantity":"3","Itemprice":"30"},"PARAMS":{},"QUERYSTRING":{}}}
{"level":30,"time":1610185681855,"pid":13645,"hostname":"administrator-MS-7817","requestPayload":{"BODY":{},"PARAMS":{},"QUERYSTRING":{}}}
{"level":30,"time":1610185696615,"pid":13645,"hostname":"administrator-MS-7817","requestPayload":{"BODY":{"productCategoryId":"1","prodcutItemListId":"1","productpriceId":"1","quantity":"3","Itemprice":"30"},"PARAMS":{},"QUERYSTRING":{}}}
{"level":30,"time":1610185709308,"pid":13811,"hostname":"administrator-MS-7817","requestPayload":{"BODY":{},"PARAMS":{},"QUERYSTRING":{}}}
{"level":30,"time":1610185717488,"pid":13811,"hostname":"administrator-MS-7817","requestPayload":{"BODY":{"productCategoryId":"1","prodcutItemListId":"1","productpriceId":"1","quantity":"3","Itemprice":"30"},"PARAMS":{},"QUERYSTRING":{}}}
{"level":30,"time":1610185720474,"pid":13811,"hostname":"administrator-MS-7817","requestPayload":{"BODY":{"productCategoryId":"1","prodcutItemListId":"1","productpriceId":"1","quantity":"4","Itemprice":"30"},"PARAMS":{},"QUERYSTRING":{}}}
{"level":30,"time":1610185723219,"pid":13811,"hostname":"administrator-MS-7817","requestPayload":{"BODY":{"productCategoryId":"2","prodcutItemListId":"2","productpriceId":"2","quantity":"1","Itemprice":"20","itemcode":"SHLPR585597687071"},"PARAMS":{},"QUERYSTRING":{}}}
{"level":30,"time":1610185801219,"pid":14090,"hostname":"administrator-MS-7817","requestPayload":{"BODY":{"productCategoryId":"2","prodcutItemListId":"2","productpriceId":"2","quantity":"2","Itemprice":"20"},"PARAMS":{},"QUERYSTRING":{}}}
{"level":30,"time":1610185832444,"pid":14269,"hostname":"administrator-MS-7817","requestPayload":{"BODY":{"productCategoryId":"2","prodcutItemListId":"2","productpriceId":"2","quantity":"3","Itemprice":"20"},"PARAMS":{},"QUERYSTRING":{}}}
{"level":30,"time":1610185869752,"pid":14422,"hostname":"administrator-MS-7817","requestPayload":{"BODY":{"productCategoryId":"2","prodcutItemListId":"2","productpriceId":"2","quantity":"4","Itemprice":"20"},"PARAMS":{},"QUERYSTRING":{}}}
{"level":30,"time":1610185925943,"pid":14848,"hostname":"administrator-MS-7817","requestPayload":{"BODY":{"productCategoryId":"2","prodcutItemListId":"2","productpriceId":"2","quantity":"5","Itemprice":"20"},"PARAMS":{},"QUERYSTRING":{}}}
{"level":30,"time":1610186121680,"pid":15623,"hostname":"administrator-MS-7817","requestPayload":{"BODY":{"productCategoryId":"1","prodcutItemListId":"1","productpriceId":"1","quantity":"3","Itemprice":"30"},"PARAMS":{},"QUERYSTRING":{}}}
{"level":30,"time":1610186193622,"pid":15910,"hostname":"administrator-MS-7817","requestPayload":{"BODY":{"productCategoryId":"1","prodcutItemListId":"1","productpriceId":"1","quantity":"3","Itemprice":"30"},"PARAMS":{},"QUERYSTRING":{}}}
{"level":30,"time":1610186245210,"pid":16103,"hostname":"administrator-MS-7817","requestPayload":{"BODY":{"productCategoryId":"1","prodcutItemListId":"1","productpriceId":"1","quantity":"3","Itemprice":"30"},"PARAMS":{},"QUERYSTRING":{}}}
{"level":50,"time":1610186389200,"pid":16399,"hostname":"administrator-MS-7817","ERROR_MESSAGE":"console is not a function","ERROR":"TypeError: console is not a function\n    at /var/www/html/nodeprojects/SHL-Task/shl-ecommerce-task/app/controller/ProdcutItem/ProductItem.js:111:17\n    at Array.forEach (<anonymous>)\n    at BaseController._priceCalculation (/var/www/html/nodeprojects/SHL-Task/shl-ecommerce-task/app/controller/ProdcutItem/ProductItem.js:104:21)\n    at addProductItem (/var/www/html/nodeprojects/SHL-Task/shl-ecommerce-task/app/controller/ProdcutItem/ProductItem.js:33:54)\n    at processTicksAndRejections (internal/process/task_queues.js:93:5)","requestPayload":{"BODY":{"productCategoryId":"1","prodcutItemListId":"1","productpriceId":"1","quantity":"3","Itemprice":"30"},"PARAMS":{},"QUERYSTRING":{}}}
{"level":30,"time":1610186404461,"pid":16490,"hostname":"administrator-MS-7817","requestPayload":{"BODY":{"productCategoryId":"1","prodcutItemListId":"1","productpriceId":"1","quantity":"3","Itemprice":"30"},"PARAMS":{},"QUERYSTRING":{}}}
{"level":30,"time":1610186447464,"pid":16980,"hostname":"administrator-MS-7817","requestPayload":{"BODY":{"productCategoryId":"1","prodcutItemListId":"1","productpriceId":"1","quantity":"3","Itemprice":"30"},"PARAMS":{},"QUERYSTRING":{}}}
{"level":30,"time":1610186495214,"pid":17280,"hostname":"administrator-MS-7817","requestPayload":{"BODY":{"productCategoryId":"1","prodcutItemListId":"1","productpriceId":"1","quantity":"3","Itemprice":"30"},"PARAMS":{},"QUERYSTRING":{}}}
{"level":30,"time":1610186661461,"pid":17280,"hostname":"administrator-MS-7817","requestPayload":{"BODY":{},"PARAMS":{},"QUERYSTRING":{}}}
{"level":30,"time":1610186663358,"pid":17280,"hostname":"administrator-MS-7817","requestPayload":{"BODY":{},"PARAMS":{},"QUERYSTRING":{}}}
{"level":30,"time":1610186673780,"pid":17280,"hostname":"administrator-MS-7817","requestPayload":{"BODY":{"productCategoryId":"1","prodcutItemListId":"1","productpriceId":"1","quantity":"4","Itemprice":"30"},"PARAMS":{},"QUERYSTRING":{}}}
{"level":30,"time":1610186728685,"pid":17280,"hostname":"administrator-MS-7817","requestPayload":{"BODY":{"productCategoryId":"1","prodcutItemListId":"1","productpriceId":"1","quantity":"4","Itemprice":"30","itemcode":"SHLPR1336627198373"},"PARAMS":{},"QUERYSTRING":{}}}
{"level":30,"time":1610186729832,"pid":17280,"hostname":"administrator-MS-7817","requestPayload":{"BODY":{"productCategoryId":"1","prodcutItemListId":"1","productpriceId":"1","quantity":"5","Itemprice":"30"},"PARAMS":{},"QUERYSTRING":{}}}
{"level":30,"time":1610186730925,"pid":17280,"hostname":"administrator-MS-7817","requestPayload":{"BODY":{"productCategoryId":"1","prodcutItemListId":"1","productpriceId":"1","quantity":"6","Itemprice":"30"},"PARAMS":{},"QUERYSTRING":{}}}
{"level":30,"time":1610186739132,"pid":17280,"hostname":"administrator-MS-7817","requestPayload":{"BODY":{"productCategoryId":"1","prodcutItemListId":"1","productpriceId":"1","quantity":"7","Itemprice":"30"},"PARAMS":{},"QUERYSTRING":{}}}
{"level":30,"time":1610186807461,"pid":18107,"hostname":"administrator-MS-7817","requestPayload":{"BODY":{"productCategoryId":"1","prodcutItemListId":"1","productpriceId":"1","quantity":"3","Itemprice":"30"},"PARAMS":{},"QUERYSTRING":{}}}
{"level":30,"time":1610186897969,"pid":18428,"hostname":"administrator-MS-7817","requestPayload":{"BODY":{"productCategoryId":"1","prodcutItemListId":"1","productpriceId":"1","quantity":"3","Itemprice":"30"},"PARAMS":{},"QUERYSTRING":{}}}
{"level":30,"time":1610186945449,"pid":18428,"hostname":"administrator-MS-7817","requestPayload":{"BODY":{"productCategoryId":"2","prodcutItemListId":"2","productpriceId":"2","quantity":"3","Itemprice":"20","itemcode":"SHLPR1287928717551"},"PARAMS":{},"QUERYSTRING":{}}}
{"level":30,"time":1610186956798,"pid":18428,"hostname":"administrator-MS-7817","requestPayload":{"BODY":{"productCategoryId":"2","prodcutItemListId":"2","productpriceId":"2","quantity":"2","Itemprice":"20"},"PARAMS":{},"QUERYSTRING":{}}}
{"level":30,"time":1610186981266,"pid":18428,"hostname":"administrator-MS-7817","requestPayload":{"BODY":{},"PARAMS":{},"QUERYSTRING":{}}}
{"level":30,"time":1610189527851,"pid":24525,"hostname":"administrator-MS-7817","requestPayload":{"BODY":{"productCategoryId":"2","prodcutItemListId":"2","productpriceId":"2","quantity":"1","Itemprice":"20"},"PARAMS":{},"QUERYSTRING":{}}}
{"level":30,"time":1610189720054,"pid":24969,"hostname":"administrator-MS-7817","requestPayload":{"BODY":{},"PARAMS":{},"QUERYSTRING":{}}}
{"level":30,"time":1610189726593,"pid":24969,"hostname":"administrator-MS-7817","requestPayload":{"BODY":{},"PARAMS":{},"QUERYSTRING":{}}}
{"level":30,"time":1610189733079,"pid":24969,"hostname":"administrator-MS-7817","requestPayload":{"BODY":{"productCategoryId":"2","prodcutItemListId":"2","productpriceId":"2","quantity":"1","Itemprice":"20"},"PARAMS":{},"QUERYSTRING":{}}}
{"level":30,"time":1610189738681,"pid":24969,"hostname":"administrator-MS-7817","requestPayload":{"BODY":{"productCategoryId":"2","prodcutItemListId":"2","productpriceId":"2","quantity":"2","Itemprice":"20"},"PARAMS":{},"QUERYSTRING":{}}}
{"level":30,"time":1610189739445,"pid":24969,"hostname":"administrator-MS-7817","requestPayload":{"BODY":{"productCategoryId":"2","prodcutItemListId":"2","productpriceId":"2","quantity":"3","Itemprice":"20"},"PARAMS":{},"QUERYSTRING":{}}}
{"level":30,"time":1610189739999,"pid":24969,"hostname":"administrator-MS-7817","requestPayload":{"BODY":{"productCategoryId":"2","prodcutItemListId":"2","productpriceId":"2","quantity":"4","Itemprice":"20"},"PARAMS":{},"QUERYSTRING":{}}}
